<?xml version="1.0" encoding="UTF-8"?>
<!-- Generated by org.testng.reporters.JUnitReportReporter -->
<testsuite hostname="DESKTOP-SSIDR0F" failures="0" tests="1" name="com.qa.Qone.GetWeather.GetWeatherDetails" time="2.189" errors="0" timestamp="28 Apr 2020 08:13:22 GMT" skipped="0">
  <testcase classname="com.qa.Qone.GetWeather.GetWeatherDetails" name="GetAPITest" time="2.189"/>
</testsuite> <!-- com.qa.Qone.GetWeather.GetWeatherDetails -->
