<?xml version="1.0" encoding="UTF-8"?>
<!-- Generated by org.testng.reporters.JUnitReportReporter -->
<testsuite hostname="DESKTOP-SSIDR0F" failures="0" tests="2" name="com.api.qa.assignment.PutQuestion5" time="9.670" errors="0" timestamp="30 Apr 2020 07:14:50 GMT" skipped="0">
  <testcase classname="com.api.qa.assignment.PutQuestion5" name="postData" time="8.704"/>
  <testcase classname="com.api.qa.assignment.PutQuestion5" name="postDataBdd" time="0.966"/>
</testsuite> <!-- com.api.qa.assignment.PutQuestion5 -->
