<?xml version="1.0" encoding="UTF-8"?>
<!-- Generated by org.testng.reporters.JUnitReportReporter -->
<testsuite hostname="DESKTOP-SSIDR0F" failures="0" tests="1" name="com.api.qa.assignment.GetWeatherDetailsQuestion1" time="0.306" errors="0" timestamp="04 May 2020 02:53:30 GMT" skipped="0">
  <testcase classname="com.api.qa.assignment.GetWeatherDetailsQuestion1" name="GetAPITest" time="0.306"/>
</testsuite> <!-- com.api.qa.assignment.GetWeatherDetailsQuestion1 -->
