<?xml version="1.0" encoding="UTF-8"?>
<!-- Generated by org.testng.reporters.JUnitReportReporter -->
<testsuite hostname="DESKTOP-SSIDR0F" failures="0" tests="1" name="com.api.qa.assignment.GetBddApprochQestion2" time="7.072" errors="0" timestamp="30 Apr 2020 07:01:56 GMT" skipped="0">
  <testcase classname="com.api.qa.assignment.GetBddApprochQestion2" name="GetAPITest" time="7.072"/>
</testsuite> <!-- com.api.qa.assignment.GetBddApprochQestion2 -->
