<?xml version="1.0" encoding="UTF-8"?>
<!-- Generated by org.testng.reporters.JUnitReportReporter -->
<testsuite hostname="DESKTOP-SSIDR0F" failures="0" tests="2" name="com.api.qa.assignment.PostQuestion3" time="2.350" errors="0" timestamp="29 Apr 2020 23:03:32 GMT" skipped="0">
  <testcase classname="com.api.qa.assignment.PostQuestion3" name="PostRegisterBDD" time="2.100"/>
  <testcase classname="com.api.qa.assignment.PostQuestion3" name="PostRegisterNonBDD" time="0.250"/>
</testsuite> <!-- com.api.qa.assignment.PostQuestion3 -->
