<?xml version="1.0" encoding="UTF-8"?>
<!-- Generated by org.testng.reporters.JUnitReportReporter -->
<testsuite hostname="DESKTOP-SSIDR0F" failures="0" tests="1" name="com.api.qa.qtwo.GetBddApproch" time="2.660" errors="0" timestamp="28 Apr 2020 08:27:30 GMT" skipped="0">
  <testcase classname="com.api.qa.qtwo.GetBddApproch" name="GetAPITest" time="2.660"/>
</testsuite> <!-- com.api.qa.qtwo.GetBddApproch -->
