<?xml version="1.0" encoding="UTF-8"?>
<!-- Generated by org.testng.reporters.JUnitReportReporter -->
<testsuite hostname="DESKTOP-SSIDR0F" failures="0" tests="2" name="com.api.qa.assignment.GetWeatherDetailsQuestion1" time="5.065" errors="0" timestamp="30 Apr 2020 07:02:27 GMT" skipped="0">
  <testcase classname="com.api.qa.assignment.GetWeatherDetailsQuestion1" name="GetAPITest" time="4.668"/>
  <testcase classname="com.api.qa.assignment.GetWeatherDetailsQuestion1" name="GetAPITestNonBDD" time="0.397"/>
</testsuite> <!-- com.api.qa.assignment.GetWeatherDetailsQuestion1 -->
