<?xml version="1.0" encoding="UTF-8"?>
<!-- Generated by org.testng.reporters.JUnitReportReporter -->
<testsuite hostname="DESKTOP-SSIDR0F" failures="0" tests="2" name="com.api.qa.assignment.PutQuestion5" time="1.126" errors="0" timestamp="04 May 2020 02:53:30 GMT" skipped="0">
  <testcase classname="com.api.qa.assignment.PutQuestion5" name="postData" time="0.568"/>
  <testcase classname="com.api.qa.assignment.PutQuestion5" name="postDataBdd" time="0.558"/>
</testsuite> <!-- com.api.qa.assignment.PutQuestion5 -->
