<?xml version="1.0" encoding="UTF-8"?>
<!-- Generated by org.testng.reporters.JUnitReportReporter -->
<testsuite hostname="DESKTOP-SSIDR0F" failures="0" tests="2" name="com.api.qa.assignment.GetBddApprochReqResQuestion9" time="5.116" errors="0" timestamp="30 Apr 2020 06:07:47 GMT" skipped="0">
  <testcase classname="com.api.qa.assignment.GetBddApprochReqResQuestion9" name="getAPITest" time="4.883"/>
  <testcase classname="com.api.qa.assignment.GetBddApprochReqResQuestion9" name="validateStatusCode" time="0.233"/>
</testsuite> <!-- com.api.qa.assignment.GetBddApprochReqResQuestion9 -->
