<?xml version="1.0" encoding="UTF-8"?>
<!-- Generated by org.testng.reporters.JUnitReportReporter -->
<testsuite hostname="DESKTOP-SSIDR0F" failures="0" tests="1" name="com.api.qa.assignment.GetWeatherDetailsQone" time="2.094" errors="0" timestamp="29 Apr 2020 14:22:58 GMT" skipped="0">
  <testcase classname="com.api.qa.assignment.GetWeatherDetailsQone" name="GetAPITestNonBDD" time="2.094"/>
</testsuite> <!-- com.api.qa.assignment.GetWeatherDetailsQone -->
